STARTING
/home/bitnami/apps/mediawiki/htdocs/extensions/SecurePoll/house_poll/makepoll-f158d926816b.json
GETTING FORM
AUTHORIZED
GOT FORM
['Timestamp', '12/1/2018 23:23:11', '1/23/2019 18:00:39', '1/23/2019 19:16:02', '1/29/2019 22:38:39', '1/30/2019 9:48:15', '1/30/2019 11:40:35', '3/13/2019 6:24:03', '3/13/2019 11:19:59', '3/13/2019 11:31:49', '3/13/2019 11:47:32', '3/13/2019 11:58:36', '3/13/2019 12:06:08', '3/13/2019 12:18:15', '3/13/2019 12:19:38', '3/13/2019 18:45:46', '3/19/2019 16:37:56', '3/19/2019 16:41:59', '3/19/2019 16:52:52', '3/19/2019 16:59:04', '3/19/2019 17:27:05', '3/19/2019 17:40:59', '3/19/2019 17:45:02', '3/19/2019 17:49:02', '3/19/2019 17:55:21', '3/19/2019 18:01:23', '3/19/2019 18:03:04', '3/19/2019 18:06:54']
['3/19/2019 18:06:54', '3/20/2019', '3/19/2019 2:22:00', '3/19/2019 15:33:00', '', '', '', 'felichri@umich.edu']
3/19/2019 18:06:54
2:22:00
15:33:00
LAST TIME: 3/19/2019 18:03:04
NOW TIME: 3/19/2019 18:06:54
LAST ID: 64076911
20-03-2019.xml
3/20/2019
ID 64076911
FILLED ARRAY
/home/bitnami/apps/mediawiki/htdocs/extensions/SecurePoll/house_poll/templates
PYTHON STARTED MAYBE
20-03-2019.xml
/home/bitnami/apps/mediawiki/htdocs/extensions/SecurePoll/house_poll/out/20-03-2019.xml
old
Old updated file
Finished!
